4:59:46:936 [ProcessingContext] Using processing tool JAVAC
4:59:46:936 [ProcessingContext] Using processing javac ProcessingEnvironment version %W% %E%
4:59:46:936 [ProcessingContext] Using source path null
4:59:46:936 [MainProcessor] Using processing env juzu.impl.compiler.ProcessingContext
4:59:46:937 [MainProcessor] Starting APT round #0
4:59:46:937 [MainProcessor] Created new meta model
4:59:46:940 [ProcessingContext] Loading services implementation of juzu.impl.plugin.module.metamodel.ModuleMetaModelPlugin
4:59:47:005 [ProcessingContext] Using plugins: application router less
4:59:47:005 [ProcessingContext] Loading services implementation of juzu.impl.plugin.application.metamodel.ApplicationMetaModelPlugin
4:59:47:080 [ProcessingContext] Using plugins: controller template ajax asset binding router portlet
4:59:47:080 [ProcessingContext] Plugin controller wants to process [interface juzu.View, interface juzu.Action, interface juzu.Resource]
4:59:47:081 [ProcessingContext] Plugin template wants to process [interface juzu.Path]
4:59:47:081 [ProcessingContext] Plugin ajax wants to process [interface juzu.plugin.ajax.Ajax]
4:59:47:081 [ProcessingContext] Plugin asset wants to process [interface juzu.plugin.asset.Assets]
4:59:47:081 [ProcessingContext] Plugin binding wants to process [interface juzu.plugin.binding.Bindings]
4:59:47:081 [ProcessingContext] Plugin router wants to process [interface juzu.Route]
4:59:47:082 [ProcessingContext] Plugin portlet wants to process [interface juzu.plugin.portlet.Portlet]
4:59:47:082 [ProcessingContext] Plugin application wants to process [interface juzu.plugin.asset.Assets, interface juzu.View, interface juzu.Application, interface juzu.Action, interface juzu.Path, interface juzu.plugin.ajax.Ajax, interface juzu.plugin.binding.Bindings, interface juzu.Route, interface juzu.plugin.portlet.Portlet, interface juzu.Resource]
4:59:47:082 [ProcessingContext] Plugin router wants to process [interface juzu.Route]
4:59:47:082 [ProcessingContext] Plugin less wants to process [interface juzu.plugin.less.Less]
4:59:47:082 [MainProcessor] Activating model
4:59:47:082 [ProcessingContext] Loading services implementation of juzu.impl.template.spi.TemplateProvider
4:59:47:133 [MainProcessor] Process annotations
4:59:47:192 [ProcessingContext] Adding template ref org.benjp.portlet.chat.ChatServer#index Path[absolute=false,fqn=index,extension=gtmpl]
4:59:47:192 [ProcessingContext] Adding template ref org.benjp.portlet.chat.ChatServer#users Path[absolute=false,fqn=users,extension=gtmpl]
4:59:47:193 [MainProcessor] Post processing model
4:59:47:194 [MainProcessor] Process events
4:59:47:194 [ProcessingContext] Creating source file for name=org.benjp.portlet.chat.Application elements=[org.benjp.portlet.chat]
4:59:47:231 [ProcessingContext] Generated application org.benjp.portlet.chat.Application as /Users/benjamin/git/chat/server/target/generated-sources/annotations/org/benjp/portlet/chat/Application.java
4:59:47:231 [MainProcessor] Post process events
4:59:47:232 [ProcessingContext] Creating source file for name=org.benjp.portlet.chat.ChatServer_ elements=[org.benjp.portlet.chat.ChatServer]
4:59:47:237 [ProcessingContext] Generated controller companion org.benjp.portlet.chat.ChatServer_ as /Users/benjamin/git/chat/server/target/generated-sources/annotations/org/benjp/portlet/chat/ChatServer_.java
4:59:47:238 [ProcessingContext] Processing templates of ElementHandle.Package[qn=org.benjp.portlet.chat]
4:59:47:238 [TemplateResolver] Synchronizing existing templates []
4:59:47:238 [TemplateResolver] Building missing templates
4:59:47:238 [TemplateResolver] Compiling template Path[absolute=false,fqn=users,extension=gtmpl]
4:59:47:240 [ProcessingContext] Trying to find a native file system for package org.benjp.portlet.chat
4:59:47:240 [ProcessingContext] Found package org.benjp.portlet.chat annotations @juzu.Application(defaultController=org.benjp.portlet.chat.ChatServer.class),@juzu.plugin.portlet.Portlet will use first one
4:59:47:245 [ProcessingContext] Resolved uri /Users/benjamin/git/chat/server/src/main/java/org/benjp/portlet/chat/package-info.java for package org.benjp.portlet.chat
4:59:47:247 [ProcessingContext] Attempt to resolve /org/benjp/portlet/chat/templates/users.gtmpl from source path
4:59:47:248 [ProcessingContext] Resolved Path[absolute=true,fqn=org.benjp.portlet.chat.templates.users,extension=gtmpl] to /Users/benjamin/git/chat/server/src/main/java/org/benjp/portlet/chat/templates/users.gtmpl
4:59:47:282 [TemplateResolver] Compiling template Path[absolute=false,fqn=index,extension=gtmpl]
4:59:47:282 [ProcessingContext] Found cached source path disk[/Users/benjamin/git/chat/server/src/main/java] for package org.benjp.portlet.chat
4:59:47:283 [ProcessingContext] Attempt to resolve /org/benjp/portlet/chat/templates/index.gtmpl from source path
4:59:47:283 [ProcessingContext] Resolved Path[absolute=true,fqn=org.benjp.portlet.chat.templates.index,extension=gtmpl] to /Users/benjamin/git/chat/server/src/main/java/org/benjp/portlet/chat/templates/index.gtmpl
4:59:47:283 [ProcessingContext] Creating source file for name=org.benjp.portlet.chat.templates.index_ elements=[org.benjp.portlet.chat.ChatServer]
4:59:47:285 [TemplateResolver] Generating template stub org.benjp.portlet.chat.templates.index_ as /Users/benjamin/git/chat/server/target/generated-sources/annotations/org/benjp/portlet/chat/templates/index_.java with originating elements [org.benjp.portlet.chat.ChatServer]
4:59:47:286 [ProcessingContext] Creating source file for name=org.benjp.portlet.chat.templates.index elements=[org.benjp.portlet.chat.ChatServer]
4:59:47:288 [TemplateResolver] Generated template class Path[absolute=false,fqn=index,extension=gtmpl] as /Users/benjamin/git/chat/server/target/generated-sources/annotations/org/benjp/portlet/chat/templates/index.java with originating elements [org.benjp.portlet.chat.ChatServer]
4:59:47:292 [ProcessingContext] Creating resource file for location=CLASS_OUTPUT pkg=org.benjp.portlet.chat.templates relativeName=index.groovy elements=[org.benjp.portlet.chat.ChatServer]
4:59:47:296 [TemplateResolver] Generated template script Path[absolute=false,fqn=index,extension=gtmpl] as /Users/benjamin/git/chat/server/target/classes/org/benjp/portlet/chat/templates/index.groovy with originating elements [org.benjp.portlet.chat.ChatServer]
4:59:47:296 [ProcessingContext] Creating source file for name=org.benjp.portlet.chat.templates.users_ elements=[org.benjp.portlet.chat.ChatServer]
4:59:47:296 [TemplateResolver] Generating template stub org.benjp.portlet.chat.templates.users_ as /Users/benjamin/git/chat/server/target/generated-sources/annotations/org/benjp/portlet/chat/templates/users_.java with originating elements [org.benjp.portlet.chat.ChatServer]
4:59:47:297 [ProcessingContext] Creating source file for name=org.benjp.portlet.chat.templates.users elements=[org.benjp.portlet.chat.ChatServer]
4:59:47:297 [TemplateResolver] Generated template class Path[absolute=false,fqn=users,extension=gtmpl] as /Users/benjamin/git/chat/server/target/generated-sources/annotations/org/benjp/portlet/chat/templates/users.java with originating elements [org.benjp.portlet.chat.ChatServer]
4:59:47:298 [ProcessingContext] Creating resource file for location=CLASS_OUTPUT pkg=org.benjp.portlet.chat.templates relativeName=users.groovy elements=[org.benjp.portlet.chat.ChatServer]
4:59:47:302 [TemplateResolver] Generated template script Path[absolute=false,fqn=users,extension=gtmpl] as /Users/benjamin/git/chat/server/target/classes/org/benjp/portlet/chat/templates/users.groovy with originating elements [org.benjp.portlet.chat.ChatServer]
4:59:47:304 [ProcessingContext] Creating source file for name=org.benjp.portlet.chat.ChatPortlet elements=[org.benjp.portlet.chat]
4:59:47:325 [MainProcessor] Ending APT round #0
4:59:47:502 [MainProcessor] Starting APT round #1
4:59:47:516 [MainProcessor] Process annotations
4:59:47:517 [MainProcessor] Post processing model
4:59:47:517 [MainProcessor] Process events
4:59:47:517 [MainProcessor] Post process events
4:59:47:518 [ProcessingContext] Processing templates of ElementHandle.Package[qn=org.benjp.portlet.chat]
4:59:47:518 [TemplateResolver] Synchronizing existing templates [Path[absolute=false,fqn=index,extension=gtmpl], Path[absolute=false,fqn=users,extension=gtmpl]]
4:59:47:518 [ProcessingContext] Found cached source path disk[/Users/benjamin/git/chat/server/src/main/java] for package org.benjp.portlet.chat
4:59:47:518 [ProcessingContext] Attempt to resolve /org/benjp/portlet/chat/templates/index.gtmpl from source path
4:59:47:518 [ProcessingContext] Resolved Path[absolute=true,fqn=org.benjp.portlet.chat.templates.index,extension=gtmpl] to /Users/benjamin/git/chat/server/src/main/java/org/benjp/portlet/chat/templates/index.gtmpl
4:59:47:518 [TemplateResolver] Template Path[absolute=false,fqn=index,extension=gtmpl] is valid
4:59:47:519 [ProcessingContext] Found cached source path disk[/Users/benjamin/git/chat/server/src/main/java] for package org.benjp.portlet.chat
4:59:47:519 [ProcessingContext] Attempt to resolve /org/benjp/portlet/chat/templates/users.gtmpl from source path
4:59:47:519 [ProcessingContext] Resolved Path[absolute=true,fqn=org.benjp.portlet.chat.templates.users,extension=gtmpl] to /Users/benjamin/git/chat/server/src/main/java/org/benjp/portlet/chat/templates/users.gtmpl
4:59:47:519 [TemplateResolver] Template Path[absolute=false,fqn=users,extension=gtmpl] is valid
4:59:47:519 [TemplateResolver] Building missing templates
4:59:47:519 [TemplateResolver] Template strub users was found in cache
4:59:47:519 [TemplateResolver] Template class Path[absolute=false,fqn=users,extension=gtmpl] was found in cache
4:59:47:519 [TemplateResolver] Template Path[absolute=false,fqn=users,extension=gtmpl] was found in cache
4:59:47:519 [TemplateResolver] Template strub index was found in cache
4:59:47:519 [TemplateResolver] Template class Path[absolute=false,fqn=index,extension=gtmpl] was found in cache
4:59:47:519 [TemplateResolver] Template Path[absolute=false,fqn=index,extension=gtmpl] was found in cache
4:59:47:519 [MainProcessor] Ending APT round #1
4:59:47:519 [MainProcessor] APT processing over
4:59:47:519 [MainProcessor] Passivating model
4:59:47:519 [ProcessingContext] Emitting module config
4:59:47:521 [ProcessingContext] Creating resource file for location=CLASS_OUTPUT pkg=juzu relativeName=config.json elements=[]
4:59:47:522 [ProcessingContext] Passivating template resolver for ElementHandle.Package[qn=org.benjp.portlet.chat]
4:59:47:522 [TemplateResolver] Evicting cache [Path[absolute=false,fqn=users,extension=gtmpl], Path[absolute=false,fqn=index,extension=gtmpl]]
4:59:47:522 [ProcessingContext] Passivating templates
4:59:47:522 [ProcessingContext] Emitting application ElementHandle.Package[qn=org.benjp.portlet.chat] config
4:59:47:523 [ProcessingContext] Creating resource file for location=CLASS_OUTPUT pkg=org.benjp.portlet.chat relativeName=config.json elements=[]
4:59:47:527 [ProcessingContext] Creating resource file for location=SOURCE_OUTPUT pkg=juzu relativeName=metamodel.ser elements=[]
