4:59:59:192 [ProcessingContext] Using processing tool JAVAC
4:59:59:193 [ProcessingContext] Using processing javac ProcessingEnvironment version %W% %E%
4:59:59:193 [ProcessingContext] Using source path null
4:59:59:193 [MainProcessor] Using processing env juzu.impl.compiler.ProcessingContext
4:59:59:194 [MainProcessor] Starting APT round #0
4:59:59:194 [MainProcessor] Created new meta model
4:59:59:196 [ProcessingContext] Loading services implementation of juzu.impl.plugin.module.metamodel.ModuleMetaModelPlugin
4:59:59:225 [ProcessingContext] Using plugins: application router less
4:59:59:225 [ProcessingContext] Loading services implementation of juzu.impl.plugin.application.metamodel.ApplicationMetaModelPlugin
4:59:59:245 [ProcessingContext] Using plugins: controller template ajax asset binding router portlet
4:59:59:245 [ProcessingContext] Plugin controller wants to process [interface juzu.Resource, interface juzu.Action, interface juzu.View]
4:59:59:245 [ProcessingContext] Plugin template wants to process [interface juzu.Path]
4:59:59:245 [ProcessingContext] Plugin ajax wants to process [interface juzu.plugin.ajax.Ajax]
4:59:59:245 [ProcessingContext] Plugin asset wants to process [interface juzu.plugin.asset.Assets]
4:59:59:245 [ProcessingContext] Plugin binding wants to process [interface juzu.plugin.binding.Bindings]
4:59:59:245 [ProcessingContext] Plugin router wants to process [interface juzu.Route]
4:59:59:245 [ProcessingContext] Plugin portlet wants to process [interface juzu.plugin.portlet.Portlet]
4:59:59:245 [ProcessingContext] Plugin application wants to process [interface juzu.Path, interface juzu.Route, interface juzu.plugin.portlet.Portlet, interface juzu.plugin.binding.Bindings, interface juzu.plugin.ajax.Ajax, interface juzu.Application, interface juzu.Resource, interface juzu.Action, interface juzu.View, interface juzu.plugin.asset.Assets]
4:59:59:245 [ProcessingContext] Plugin router wants to process [interface juzu.Route]
4:59:59:245 [ProcessingContext] Plugin less wants to process [interface juzu.plugin.less.Less]
4:59:59:246 [MainProcessor] Activating model
4:59:59:247 [ProcessingContext] Loading services implementation of juzu.impl.template.spi.TemplateProvider
4:59:59:264 [MainProcessor] Process annotations
4:59:59:275 [ProcessingContext] Adding template ref org.benjp.portlet.notification.NotificationApplication#index Path[absolute=false,fqn=index,extension=gtmpl]
4:59:59:279 [ProcessingContext] Adding template ref org.benjp.portlet.chat.ChatApplication#index Path[absolute=false,fqn=index,extension=gtmpl]
4:59:59:280 [ProcessingContext] Adding template ref org.benjp.portlet.chat.ChatApplication#users Path[absolute=false,fqn=users,extension=gtmpl]
4:59:59:280 [LessMetaModelPlugin] Recording less annotation for package org.benjp
4:59:59:280 [MainProcessor] Post processing model
4:59:59:280 [MainProcessor] Process events
4:59:59:280 [ProcessingContext] Creating source file for name=org.benjp.portlet.notification.Application elements=[org.benjp.portlet.notification]
4:59:59:282 [ProcessingContext] Generated application org.benjp.portlet.notification.Application as /Users/benjamin/git/chat/application/target/generated-sources/annotations/org/benjp/portlet/notification/Application.java
4:59:59:282 [ProcessingContext] Creating source file for name=org.benjp.portlet.chat.Application elements=[org.benjp.portlet.chat]
4:59:59:283 [ProcessingContext] Generated application org.benjp.portlet.chat.Application as /Users/benjamin/git/chat/application/target/generated-sources/annotations/org/benjp/portlet/chat/Application.java
4:59:59:283 [MainProcessor] Post process events
4:59:59:283 [ProcessingContext] Creating source file for name=org.benjp.portlet.notification.NotificationApplication_ elements=[org.benjp.portlet.notification.NotificationApplication]
4:59:59:286 [ProcessingContext] Generated controller companion org.benjp.portlet.notification.NotificationApplication_ as /Users/benjamin/git/chat/application/target/generated-sources/annotations/org/benjp/portlet/notification/NotificationApplication_.java
4:59:59:286 [ProcessingContext] Creating source file for name=org.benjp.portlet.chat.ChatApplication_ elements=[org.benjp.portlet.chat.ChatApplication]
4:59:59:287 [ProcessingContext] Generated controller companion org.benjp.portlet.chat.ChatApplication_ as /Users/benjamin/git/chat/application/target/generated-sources/annotations/org/benjp/portlet/chat/ChatApplication_.java
4:59:59:287 [ProcessingContext] Processing templates of ElementHandle.Package[qn=org.benjp.portlet.notification]
4:59:59:287 [TemplateResolver] Synchronizing existing templates []
4:59:59:287 [TemplateResolver] Building missing templates
4:59:59:287 [TemplateResolver] Compiling template Path[absolute=false,fqn=index,extension=gtmpl]
4:59:59:289 [ProcessingContext] Trying to find a native file system for package org.benjp.portlet.notification
4:59:59:289 [ProcessingContext] Found package org.benjp.portlet.notification annotations @juzu.Application(defaultController=org.benjp.portlet.notification.NotificationApplication.class),@juzu.plugin.portlet.Portlet(name="NotificationPortlet"),@juzu.plugin.asset.Assets(location=juzu.asset.AssetLocation.SERVER, scripts={@juzu.plugin.asset.Script(src="js/jquery-1.7.1.min.js"), @juzu.plugin.asset.Script(src="js/notif.js")}, stylesheets={@juzu.plugin.asset.Stylesheet(src="css/notif.css")}) will use first one
4:59:59:290 [ProcessingContext] Resolved uri /Users/benjamin/git/chat/application/src/main/java/org/benjp/portlet/notification/package-info.java for package org.benjp.portlet.notification
4:59:59:293 [ProcessingContext] Attempt to resolve /org/benjp/portlet/notification/templates/index.gtmpl from source path
4:59:59:294 [ProcessingContext] Resolved Path[absolute=true,fqn=org.benjp.portlet.notification.templates.index,extension=gtmpl] to /Users/benjamin/git/chat/application/src/main/java/org/benjp/portlet/notification/templates/index.gtmpl
4:59:59:316 [ProcessingContext] Creating source file for name=org.benjp.portlet.notification.templates.index_ elements=[org.benjp.portlet.notification.NotificationApplication]
4:59:59:317 [TemplateResolver] Generating template stub org.benjp.portlet.notification.templates.index_ as /Users/benjamin/git/chat/application/target/generated-sources/annotations/org/benjp/portlet/notification/templates/index_.java with originating elements [org.benjp.portlet.notification.NotificationApplication]
4:59:59:317 [ProcessingContext] Creating source file for name=org.benjp.portlet.notification.templates.index elements=[org.benjp.portlet.notification.NotificationApplication]
4:59:59:319 [TemplateResolver] Generated template class Path[absolute=false,fqn=index,extension=gtmpl] as /Users/benjamin/git/chat/application/target/generated-sources/annotations/org/benjp/portlet/notification/templates/index.java with originating elements [org.benjp.portlet.notification.NotificationApplication]
4:59:59:325 [ProcessingContext] Creating resource file for location=CLASS_OUTPUT pkg=org.benjp.portlet.notification.templates relativeName=index.groovy elements=[org.benjp.portlet.notification.NotificationApplication]
4:59:59:327 [TemplateResolver] Generated template script Path[absolute=false,fqn=index,extension=gtmpl] as /Users/benjamin/git/chat/application/target/classes/org/benjp/portlet/notification/templates/index.groovy with originating elements [org.benjp.portlet.notification.NotificationApplication]
4:59:59:327 [ProcessingContext] Creating source file for name=org.benjp.portlet.notification.NotificationPortlet elements=[org.benjp.portlet.notification]
4:59:59:329 [ProcessingContext] Processing templates of ElementHandle.Package[qn=org.benjp.portlet.chat]
4:59:59:329 [TemplateResolver] Synchronizing existing templates []
4:59:59:329 [TemplateResolver] Building missing templates
4:59:59:329 [TemplateResolver] Compiling template Path[absolute=false,fqn=users,extension=gtmpl]
4:59:59:329 [ProcessingContext] Trying to find a native file system for package org.benjp.portlet.chat
4:59:59:329 [ProcessingContext] Found package org.benjp.portlet.chat annotations @juzu.Application(defaultController=org.benjp.portlet.chat.ChatServer.class),@juzu.plugin.portlet.Portlet(name="ChatPortlet"),@juzu.plugin.asset.Assets(location=juzu.asset.AssetLocation.SERVER, scripts={@juzu.plugin.asset.Script(src="js/jquery-1.7.1.min.js"), @juzu.plugin.asset.Script(src="js/chat.js")}, stylesheets={@juzu.plugin.asset.Stylesheet(src="/org/benjp/assets/bootstrap.css", location=juzu.asset.AssetLocation.CLASSPATH), @juzu.plugin.asset.Stylesheet(src="css/chat.css")}) will use first one
4:59:59:329 [ProcessingContext] Resolved uri /Users/benjamin/git/chat/application/src/main/java/org/benjp/portlet/chat/package-info.java for package org.benjp.portlet.chat
4:59:59:330 [ProcessingContext] Attempt to resolve /org/benjp/portlet/chat/templates/users.gtmpl from source path
4:59:59:330 [ProcessingContext] Resolved Path[absolute=true,fqn=org.benjp.portlet.chat.templates.users,extension=gtmpl] to /Users/benjamin/git/chat/application/src/main/java/org/benjp/portlet/chat/templates/users.gtmpl
4:59:59:375 [TemplateResolver] Compiling template Path[absolute=false,fqn=index,extension=gtmpl]
4:59:59:375 [ProcessingContext] Found cached source path disk[/Users/benjamin/git/chat/application/src/main/java] for package org.benjp.portlet.chat
4:59:59:375 [ProcessingContext] Attempt to resolve /org/benjp/portlet/chat/templates/index.gtmpl from source path
4:59:59:375 [ProcessingContext] Resolved Path[absolute=true,fqn=org.benjp.portlet.chat.templates.index,extension=gtmpl] to /Users/benjamin/git/chat/application/src/main/java/org/benjp/portlet/chat/templates/index.gtmpl
4:59:59:382 [ProcessingContext] Creating source file for name=org.benjp.portlet.chat.templates.index_ elements=[org.benjp.portlet.chat.ChatApplication]
4:59:59:383 [TemplateResolver] Generating template stub org.benjp.portlet.chat.templates.index_ as /Users/benjamin/git/chat/application/target/generated-sources/annotations/org/benjp/portlet/chat/templates/index_.java with originating elements [org.benjp.portlet.chat.ChatApplication]
4:59:59:383 [ProcessingContext] Creating source file for name=org.benjp.portlet.chat.templates.index elements=[org.benjp.portlet.chat.ChatApplication]
4:59:59:384 [TemplateResolver] Generated template class Path[absolute=false,fqn=index,extension=gtmpl] as /Users/benjamin/git/chat/application/target/generated-sources/annotations/org/benjp/portlet/chat/templates/index.java with originating elements [org.benjp.portlet.chat.ChatApplication]
4:59:59:384 [ProcessingContext] Creating resource file for location=CLASS_OUTPUT pkg=org.benjp.portlet.chat.templates relativeName=index.groovy elements=[org.benjp.portlet.chat.ChatApplication]
4:59:59:385 [TemplateResolver] Generated template script Path[absolute=false,fqn=index,extension=gtmpl] as /Users/benjamin/git/chat/application/target/classes/org/benjp/portlet/chat/templates/index.groovy with originating elements [org.benjp.portlet.chat.ChatApplication]
4:59:59:385 [ProcessingContext] Creating source file for name=org.benjp.portlet.chat.templates.users_ elements=[org.benjp.portlet.chat.ChatApplication]
4:59:59:385 [TemplateResolver] Generating template stub org.benjp.portlet.chat.templates.users_ as /Users/benjamin/git/chat/application/target/generated-sources/annotations/org/benjp/portlet/chat/templates/users_.java with originating elements [org.benjp.portlet.chat.ChatApplication]
4:59:59:385 [ProcessingContext] Creating source file for name=org.benjp.portlet.chat.templates.users elements=[org.benjp.portlet.chat.ChatApplication]
4:59:59:386 [TemplateResolver] Generated template class Path[absolute=false,fqn=users,extension=gtmpl] as /Users/benjamin/git/chat/application/target/generated-sources/annotations/org/benjp/portlet/chat/templates/users.java with originating elements [org.benjp.portlet.chat.ChatApplication]
4:59:59:387 [ProcessingContext] Creating resource file for location=CLASS_OUTPUT pkg=org.benjp.portlet.chat.templates relativeName=users.groovy elements=[org.benjp.portlet.chat.ChatApplication]
4:59:59:388 [TemplateResolver] Generated template script Path[absolute=false,fqn=users,extension=gtmpl] as /Users/benjamin/git/chat/application/target/classes/org/benjp/portlet/chat/templates/users.groovy with originating elements [org.benjp.portlet.chat.ChatApplication]
4:59:59:388 [ProcessingContext] Creating source file for name=org.benjp.portlet.chat.ChatPortlet elements=[org.benjp.portlet.chat]
4:59:59:388 [MainProcessor] Ending APT round #0
4:59:59:638 [MainProcessor] Starting APT round #1
4:59:59:672 [MainProcessor] Process annotations
4:59:59:677 [MainProcessor] Post processing model
4:59:59:677 [MainProcessor] Process events
4:59:59:677 [MainProcessor] Post process events
4:59:59:677 [ProcessingContext] Processing templates of ElementHandle.Package[qn=org.benjp.portlet.notification]
4:59:59:677 [TemplateResolver] Synchronizing existing templates [Path[absolute=false,fqn=index,extension=gtmpl]]
4:59:59:677 [ProcessingContext] Found cached source path disk[/Users/benjamin/git/chat/application/src/main/java] for package org.benjp.portlet.notification
4:59:59:677 [ProcessingContext] Attempt to resolve /org/benjp/portlet/notification/templates/index.gtmpl from source path
4:59:59:678 [ProcessingContext] Resolved Path[absolute=true,fqn=org.benjp.portlet.notification.templates.index,extension=gtmpl] to /Users/benjamin/git/chat/application/src/main/java/org/benjp/portlet/notification/templates/index.gtmpl
4:59:59:678 [TemplateResolver] Template Path[absolute=false,fqn=index,extension=gtmpl] is valid
4:59:59:678 [TemplateResolver] Building missing templates
4:59:59:678 [TemplateResolver] Template strub index was found in cache
4:59:59:678 [TemplateResolver] Template class Path[absolute=false,fqn=index,extension=gtmpl] was found in cache
4:59:59:678 [TemplateResolver] Template Path[absolute=false,fqn=index,extension=gtmpl] was found in cache
4:59:59:678 [ProcessingContext] Processing templates of ElementHandle.Package[qn=org.benjp.portlet.chat]
4:59:59:678 [TemplateResolver] Synchronizing existing templates [Path[absolute=false,fqn=index,extension=gtmpl], Path[absolute=false,fqn=users,extension=gtmpl]]
4:59:59:678 [ProcessingContext] Found cached source path disk[/Users/benjamin/git/chat/application/src/main/java] for package org.benjp.portlet.chat
4:59:59:678 [ProcessingContext] Attempt to resolve /org/benjp/portlet/chat/templates/index.gtmpl from source path
4:59:59:678 [ProcessingContext] Resolved Path[absolute=true,fqn=org.benjp.portlet.chat.templates.index,extension=gtmpl] to /Users/benjamin/git/chat/application/src/main/java/org/benjp/portlet/chat/templates/index.gtmpl
4:59:59:678 [TemplateResolver] Template Path[absolute=false,fqn=index,extension=gtmpl] is valid
4:59:59:678 [ProcessingContext] Found cached source path disk[/Users/benjamin/git/chat/application/src/main/java] for package org.benjp.portlet.chat
4:59:59:678 [ProcessingContext] Attempt to resolve /org/benjp/portlet/chat/templates/users.gtmpl from source path
4:59:59:679 [ProcessingContext] Resolved Path[absolute=true,fqn=org.benjp.portlet.chat.templates.users,extension=gtmpl] to /Users/benjamin/git/chat/application/src/main/java/org/benjp/portlet/chat/templates/users.gtmpl
4:59:59:679 [TemplateResolver] Template Path[absolute=false,fqn=users,extension=gtmpl] is valid
4:59:59:679 [TemplateResolver] Building missing templates
4:59:59:679 [TemplateResolver] Template strub users was found in cache
4:59:59:679 [TemplateResolver] Template class Path[absolute=false,fqn=users,extension=gtmpl] was found in cache
4:59:59:679 [TemplateResolver] Template Path[absolute=false,fqn=users,extension=gtmpl] was found in cache
4:59:59:679 [TemplateResolver] Template strub index was found in cache
4:59:59:679 [TemplateResolver] Template class Path[absolute=false,fqn=index,extension=gtmpl] was found in cache
4:59:59:679 [TemplateResolver] Template Path[absolute=false,fqn=index,extension=gtmpl] was found in cache
4:59:59:679 [MainProcessor] Ending APT round #1
4:59:59:679 [MainProcessor] APT processing over
4:59:59:679 [MainProcessor] Passivating model
4:59:59:679 [ProcessingContext] Emitting module config
4:59:59:682 [ProcessingContext] Creating resource file for location=CLASS_OUTPUT pkg=juzu relativeName=config.json elements=[]
4:59:59:686 [ProcessingContext] Passivating template resolver for ElementHandle.Package[qn=org.benjp.portlet.notification]
4:59:59:686 [TemplateResolver] Evicting cache [Path[absolute=false,fqn=index,extension=gtmpl]]
4:59:59:686 [ProcessingContext] Passivating template resolver for ElementHandle.Package[qn=org.benjp.portlet.chat]
4:59:59:686 [TemplateResolver] Evicting cache [Path[absolute=false,fqn=users,extension=gtmpl], Path[absolute=false,fqn=index,extension=gtmpl]]
4:59:59:687 [ProcessingContext] Passivating templates
4:59:59:687 [ProcessingContext] Emitting application ElementHandle.Package[qn=org.benjp.portlet.chat] config
4:59:59:687 [ProcessingContext] Creating resource file for location=CLASS_OUTPUT pkg=org.benjp.portlet.chat relativeName=config.json elements=[]
4:59:59:693 [ProcessingContext] Emitting application ElementHandle.Package[qn=org.benjp.portlet.notification] config
4:59:59:693 [ProcessingContext] Creating resource file for location=CLASS_OUTPUT pkg=org.benjp.portlet.notification relativeName=config.json elements=[]
4:59:59:695 [LessMetaModelPlugin] Handling less annotation for package org.benjp: minify=true resources=[bootstrap.less]
4:59:59:696 [LessMetaModelPlugin] Processing declared resource bootstrap.less
4:59:59:696 [LessMetaModelPlugin] Resource bootstrap.less destination resolved to Path[absolute=true,fqn=org.benjp.assets.bootstrap,extension=css]
5:00:00:059 [ProcessingContext] Trying to find a native file system for package org.benjp
5:00:00:059 [ProcessingContext] Found package org.benjp annotations @juzu.plugin.less.Less(value={"bootstrap.less"}, minify=true) will use first one
5:00:00:062 [ProcessingContext] Resolved uri /Users/benjamin/git/chat/application/src/main/java/org/benjp/package-info.java for package org.benjp
5:00:00:063 [ProcessingContext] Attempt to resolve /org/benjp/assets/bootstrap.less from source path
5:00:00:063 [ProcessingContext] Resolved Path[absolute=true,fqn=org.benjp.assets.bootstrap,extension=less] to /Users/benjamin/git/chat/application/src/main/java/org/benjp/assets/bootstrap.less
5:00:00:236 [ProcessingContext] Found cached source path disk[/Users/benjamin/git/chat/application/src/main/java] for package org.benjp
5:00:00:237 [ProcessingContext] Attempt to resolve /org/benjp/assets/reset.less from source path
5:00:00:237 [ProcessingContext] Resolved Path[absolute=true,fqn=org.benjp.assets.reset,extension=less] to /Users/benjamin/git/chat/application/src/main/java/org/benjp/assets/reset.less
5:00:00:794 [ProcessingContext] Found cached source path disk[/Users/benjamin/git/chat/application/src/main/java] for package org.benjp
5:00:00:794 [ProcessingContext] Attempt to resolve /org/benjp/assets/variables.less from source path
5:00:00:794 [ProcessingContext] Resolved Path[absolute=true,fqn=org.benjp.assets.variables,extension=less] to /Users/benjamin/git/chat/application/src/main/java/org/benjp/assets/variables.less
5:00:02:078 [ProcessingContext] Found cached source path disk[/Users/benjamin/git/chat/application/src/main/java] for package org.benjp
5:00:02:078 [ProcessingContext] Attempt to resolve /org/benjp/assets/mixins.less from source path
5:00:02:078 [ProcessingContext] Resolved Path[absolute=true,fqn=org.benjp.assets.mixins,extension=less] to /Users/benjamin/git/chat/application/src/main/java/org/benjp/assets/mixins.less
5:00:04:213 [ProcessingContext] Found cached source path disk[/Users/benjamin/git/chat/application/src/main/java] for package org.benjp
5:00:04:213 [ProcessingContext] Attempt to resolve /org/benjp/assets/scaffolding.less from source path
5:00:04:213 [ProcessingContext] Resolved Path[absolute=true,fqn=org.benjp.assets.scaffolding,extension=less] to /Users/benjamin/git/chat/application/src/main/java/org/benjp/assets/scaffolding.less
5:00:04:279 [ProcessingContext] Found cached source path disk[/Users/benjamin/git/chat/application/src/main/java] for package org.benjp
5:00:04:279 [ProcessingContext] Attempt to resolve /org/benjp/assets/type.less from source path
5:00:04:279 [ProcessingContext] Resolved Path[absolute=true,fqn=org.benjp.assets.type,extension=less] to /Users/benjamin/git/chat/application/src/main/java/org/benjp/assets/type.less
5:00:04:618 [ProcessingContext] Found cached source path disk[/Users/benjamin/git/chat/application/src/main/java] for package org.benjp
5:00:04:618 [ProcessingContext] Attempt to resolve /org/benjp/assets/forms.less from source path
5:00:04:618 [ProcessingContext] Resolved Path[absolute=true,fqn=org.benjp.assets.forms,extension=less] to /Users/benjamin/git/chat/application/src/main/java/org/benjp/assets/forms.less
5:00:05:419 [ProcessingContext] Found cached source path disk[/Users/benjamin/git/chat/application/src/main/java] for package org.benjp
5:00:05:420 [ProcessingContext] Attempt to resolve /org/benjp/assets/tables.less from source path
5:00:05:420 [ProcessingContext] Resolved Path[absolute=true,fqn=org.benjp.assets.tables,extension=less] to /Users/benjamin/git/chat/application/src/main/java/org/benjp/assets/tables.less
5:00:05:954 [ProcessingContext] Found cached source path disk[/Users/benjamin/git/chat/application/src/main/java] for package org.benjp
5:00:05:954 [ProcessingContext] Attempt to resolve /org/benjp/assets/component-animations.less from source path
5:00:05:954 [ProcessingContext] Resolved Path[absolute=true,fqn=org.benjp.assets.component-animations,extension=less] to /Users/benjamin/git/chat/application/src/main/java/org/benjp/assets/component-animations.less
5:00:05:990 [ProcessingContext] Found cached source path disk[/Users/benjamin/git/chat/application/src/main/java] for package org.benjp
5:00:05:990 [ProcessingContext] Attempt to resolve /org/benjp/assets/buttons.less from source path
5:00:05:990 [ProcessingContext] Resolved Path[absolute=true,fqn=org.benjp.assets.buttons,extension=less] to /Users/benjamin/git/chat/application/src/main/java/org/benjp/assets/buttons.less
5:00:06:274 [ProcessingContext] Found cached source path disk[/Users/benjamin/git/chat/application/src/main/java] for package org.benjp
5:00:06:274 [ProcessingContext] Attempt to resolve /org/benjp/assets/button-groups.less from source path
5:00:06:274 [ProcessingContext] Resolved Path[absolute=true,fqn=org.benjp.assets.button-groups,extension=less] to /Users/benjamin/git/chat/application/src/main/java/org/benjp/assets/button-groups.less
5:00:06:653 [ProcessingContext] Found cached source path disk[/Users/benjamin/git/chat/application/src/main/java] for package org.benjp
5:00:06:653 [ProcessingContext] Attempt to resolve /org/benjp/assets/labels-badges.less from source path
5:00:06:654 [ProcessingContext] Resolved Path[absolute=true,fqn=org.benjp.assets.labels-badges,extension=less] to /Users/benjamin/git/chat/application/src/main/java/org/benjp/assets/labels-badges.less
5:00:06:749 [ProcessingContext] Found cached source path disk[/Users/benjamin/git/chat/application/src/main/java] for package org.benjp
5:00:06:749 [ProcessingContext] Attempt to resolve /org/benjp/assets/accordion.less from source path
5:00:06:749 [ProcessingContext] Resolved Path[absolute=true,fqn=org.benjp.assets.accordion,extension=less] to /Users/benjamin/git/chat/application/src/main/java/org/benjp/assets/accordion.less
5:00:09:449 [LessMetaModelPlugin] Resource bootstrap.less compiled about to write on disk as Path[absolute=true,fqn=org.benjp.assets.bootstrap,extension=css]
5:00:09:449 [ProcessingContext] Creating resource file for location=CLASS_OUTPUT pkg=org.benjp.assets relativeName=bootstrap.css elements=[]
5:00:09:450 [ProcessingContext] Creating resource file for location=SOURCE_OUTPUT pkg=juzu relativeName=metamodel.ser elements=[]
